SF:lib\data\datasources\local_data_source.dart
DA:23,1
DA:25,1
DA:26,3
DA:27,2
DA:28,2
DA:29,1
DA:30,2
LF:7
LH:7
end_of_record
SF:lib\data\datasources\remote_data_source.dart
DA:56,0
DA:63,0
DA:65,0
DA:68,0
DA:75,0
DA:82,0
DA:89,0
DA:94,0
DA:95,0
DA:98,0
DA:105,0
DA:110,0
DA:111,0
LF:13
LH:0
end_of_record
SF:lib\data\models\requests\destination_arrived_request\destination_arrived_request.dart
DA:17,0
LF:1
LH:0
end_of_record
SF:lib\data\models\requests\destination_arrived_request\destination_arrived_request.g.dart
DA:9,0
DA:11,0
DA:12,0
DA:13,0
DA:14,0
DA:16,0
DA:19,0
DA:21,0
DA:22,0
DA:23,0
DA:24,0
DA:26,0
LF:12
LH:0
end_of_record
SF:lib\data\models\requests\trip_start_request\trip_start_request.dart
DA:18,0
LF:1
LH:0
end_of_record
SF:lib\data\models\requests\trip_start_request\trip_start_request.g.dart
DA:9,0
DA:10,0
DA:11,0
DA:12,0
DA:13,0
DA:14,0
DA:17,0
DA:18,0
DA:19,0
DA:20,0
DA:21,0
DA:22,0
LF:12
LH:0
end_of_record
SF:lib\data\models\responses\user_login_response\user_login_response.dart
DA:15,0
LF:1
LH:0
end_of_record
SF:lib\data\models\responses\user_login_response\user_login_response.g.dart
DA:9,0
DA:10,0
DA:11,0
DA:12,0
DA:15,0
DA:17,0
DA:18,0
DA:19,0
LF:8
LH:0
end_of_record
SF:lib\data\models\user\user.dart
DA:16,0
LF:1
LH:0
end_of_record
SF:lib\data\models\user\user.g.dart
DA:9,0
DA:10,0
DA:11,0
DA:12,0
DA:13,0
DA:16,0
DA:17,0
DA:18,0
DA:19,0
DA:20,0
LF:10
LH:0
end_of_record
SF:lib\data\repositories\take5_repository.dart
DA:44,0
DA:49,0
DA:53,0
DA:55,0
DA:56,0
DA:57,0
DA:61,0
DA:66,0
DA:67,0
DA:68,0
DA:72,0
DA:77,0
DA:78,0
DA:79,0
DA:83,0
DA:89,0
DA:90,0
DA:94,0
DA:99,0
DA:100,0
DA:101,0
DA:102,0
DA:106,0
DA:111,0
DA:112,0
DA:113,0
DA:117,0
DA:122,0
DA:123,0
DA:124,0
DA:125,0
LF:31
LH:0
end_of_record
SF:lib\injection_container.dart
DA:16,3
DA:18,1
DA:21,2
DA:24,2
DA:25,0
DA:26,0
DA:30,2
DA:31,0
DA:36,2
DA:37,2
DA:40,2
DA:41,2
DA:42,2
DA:43,2
DA:46,1
DA:47,2
DA:48,2
DA:49,2
DA:50,2
LF:19
LH:16
end_of_record
SF:lib\core\constants\app_colors.dart
DA:6,0
LF:1
LH:0
end_of_record
SF:lib\core\constants\app_constants.dart
DA:9,0
DA:11,0
DA:15,0
DA:17,0
LF:4
LH:0
end_of_record
SF:lib\core\constants\app_endpoints.dart
DA:4,0
LF:1
LH:0
end_of_record
SF:lib\core\errors\exceptions.dart
DA:7,0
LF:1
LH:0
end_of_record
SF:lib\core\errors\failures.dart
DA:4,0
DA:9,0
DA:13,0
LF:3
LH:0
end_of_record
SF:lib\core\network\network_info.dart
DA:10,0
DA:11,0
DA:12,0
LF:3
LH:0
end_of_record
SF:lib\core\utils\services\attachments_service.dart
DA:7,0
DA:9,0
DA:10,0
DA:15,0
DA:16,0
DA:21,0
DA:22,0
LF:7
LH:0
end_of_record
SF:lib\core\utils\services\dio_client.dart
DA:17,0
DA:20,0
DA:29,0
DA:30,0
DA:35,0
DA:36,0
DA:39,0
DA:48,0
DA:49,0
DA:56,0
DA:57,0
DA:64,0
DA:65,0
DA:73,0
DA:74,0
DA:75,0
DA:76,0
DA:77,0
DA:79,0
DA:81,0
DA:83,0
DA:86,0
DA:88,0
LF:23
LH:0
end_of_record
SF:lib\core\utils\services\local_storage_service.dart
DA:6,0
DA:8,0
DA:11,0
DA:14,0
DA:18,0
DA:19,0
DA:20,0
DA:22,0
DA:25,0
DA:28,0
LF:10
LH:0
end_of_record
SF:lib\data\models\requests\step_one_complete_request\step_one_complete_request.dart
DA:17,0
LF:1
LH:0
end_of_record
SF:lib\data\models\requests\step_one_complete_request\step_one_complete_request.g.dart
DA:9,0
DA:11,0
DA:12,0
DA:13,0
DA:14,0
DA:16,0
DA:17,0
DA:18,0
DA:20,0
DA:23,0
DA:25,0
DA:26,0
DA:27,0
DA:28,0
DA:29,0
DA:30,0
LF:16
LH:0
end_of_record
SF:lib\data\models\requests\step_two_start_request\step_two_start_request.dart
DA:18,0
LF:1
LH:0
end_of_record
SF:lib\data\models\requests\step_two_start_request\step_two_start_request.g.dart
DA:9,0
DA:11,0
DA:12,0
DA:13,0
DA:14,0
DA:15,0
DA:18,0
DA:20,0
DA:21,0
DA:22,0
DA:23,0
DA:24,0
LF:12
LH:0
end_of_record
SF:lib\data\models\responses\trip_pending_response\trip_pending_response.dart
DA:15,0
LF:1
LH:0
end_of_record
SF:lib\data\models\responses\trip_pending_response\trip_pending_response.g.dart
DA:9,0
DA:11,0
DA:12,0
DA:13,0
DA:16,0
DA:18,0
DA:19,0
DA:20,0
LF:8
LH:0
end_of_record
SF:lib\data\models\responses\trip_start_response\trip_start_response.dart
DA:14,0
DA:26,0
DA:36,0
DA:47,0
DA:58,0
LF:5
LH:0
end_of_record
SF:lib\data\models\responses\trip_start_response\trip_start_response.g.dart
DA:9,0
DA:11,0
DA:12,0
DA:13,0
DA:16,0
DA:18,0
DA:19,0
DA:20,0
DA:23,0
DA:24,0
DA:25,0
DA:26,0
DA:27,0
DA:28,0
DA:29,0
DA:31,0
DA:32,0
DA:33,0
DA:34,0
DA:35,0
DA:37,0
DA:38,0
DA:39,0
DA:42,0
DA:44,0
DA:46,0
DA:48,0
DA:49,0
DA:50,0
DA:51,0
DA:54,0
DA:56,0
DA:57,0
DA:58,0
DA:61,0
DA:63,0
DA:64,0
DA:65,0
DA:68,0
DA:70,0
DA:71,0
DA:72,0
DA:73,0
DA:74,0
DA:75,0
DA:78,0
DA:80,0
DA:81,0
DA:82,0
DA:83,0
DA:86,0
DA:88,0
DA:89,0
DA:90,0
DA:91,0
DA:92,0
DA:93,0
DA:96,0
DA:98,0
DA:99,0
DA:100,0
DA:102,0
LF:62
LH:0
end_of_record
SF:lib\data\models\trip\trip.dart
DA:23,0
LF:1
LH:0
end_of_record
SF:lib\data\models\trip\trip.g.dart
DA:9,0
DA:10,0
DA:11,0
DA:12,0
DA:13,0
DA:14,0
DA:15,0
DA:16,0
DA:17,0
DA:18,0
DA:19,0
DA:20,0
DA:23,0
DA:24,0
DA:25,0
DA:26,0
DA:27,0
DA:28,0
DA:29,0
DA:30,0
DA:31,0
DA:32,0
DA:33,0
DA:34,0
LF:24
LH:0
end_of_record
SF:lib\logic\login_cubit\login_cubit.dart
DA:11,0
DA:14,0
DA:23,0
DA:24,0
DA:25,0
DA:29,0
DA:30,0
DA:31,0
DA:32,0
DA:33,0
DA:35,0
DA:37,0
DA:38,0
DA:39,0
DA:40,0
DA:43,0
LF:16
LH:0
end_of_record
SF:lib\logic\login_cubit\login_states.dart
DA:15,0
LF:1
LH:0
end_of_record
